# JRE version: Java(TM) SE Runtime Environment (11.0+28) (build 11+28)
# Java VM: Java HotSpot(TM) 64-Bit Server VM (11+28, mixed mode, tiered, compressed oops, g1 gc, windows-amd64)
Heap:
 garbage-first heap   total 251904K, used 89290K [0x000000070a600000, 0x0000000800000000)
  region size 1024K, 73 young (74752K), 4 survivors (4096K)
 Metaspace       used 31054K, capacity 31667K, committed 31872K, reserved 1077248K
  class space    used 3353K, capacity 3621K, committed 3712K, reserved 1048576K
GC Heap History (6 events):
Event: 0.800 GC heap before
{Heap before GC invocations=0 (full 0):
 garbage-first heap   total 251904K, used 21504K [0x000000070a600000, 0x0000000800000000)
  region size 1024K, 23 young (23552K), 0 survivors (0K)
 Metaspace       used 20563K, capacity 21075K, committed 21248K, reserved 1069056K
  class space    used 2196K, capacity 2441K, committed 2560K, reserved 1048576K
}
Event: 0.812 GC heap after
{Heap after GC invocations=1 (full 0):
 garbage-first heap   total 251904K, used 5192K [0x000000070a600000, 0x0000000800000000)
  region size 1024K, 3 young (3072K), 3 survivors (3072K)
 Metaspace       used 20563K, capacity 21075K, committed 21248K, reserved 1069056K
  class space    used 2196K, capacity 2441K, committed 2560K, reserved 1048576K
}
Event: 1.079 GC heap before
{Heap before GC invocations=2 (full 0):
 garbage-first heap   total 251904K, used 15432K [0x000000070a600000, 0x0000000800000000)
  region size 1024K, 12 young (12288K), 3 survivors (3072K)
 Metaspace       used 22936K, capacity 23513K, committed 23808K, reserved 1071104K
  class space    used 2455K, capacity 2723K, committed 2816K, reserved 1048576K
}
Event: 1.082 GC heap after
{Heap after GC invocations=3 (full 0):
 garbage-first heap   total 251904K, used 7835K [0x000000070a600000, 0x0000000800000000)
  region size 1024K, 2 young (2048K), 2 survivors (2048K)
 Metaspace       used 22936K, capacity 23513K, committed 23808K, reserved 1071104K
  class space    used 2455K, capacity 2723K, committed 2816K, reserved 1048576K
}
Event: 61.766 GC heap before
{Heap before GC invocations=3 (full 0):
 garbage-first heap   total 251904K, used 53915K [0x000000070a600000, 0x0000000800000000)
  region size 1024K, 40 young (40960K), 2 survivors (2048K)
 Metaspace       used 29724K, capacity 30326K, committed 30464K, reserved 1077248K
  class space    used 3259K, capacity 3516K, committed 3584K, reserved 1048576K
}
Event: 61.769 GC heap after
{Heap after GC invocations=4 (full 0):
 garbage-first heap   total 251904K, used 16586K [0x000000070a600000, 0x0000000800000000)
  region size 1024K, 4 young (4096K), 4 survivors (4096K)
 Metaspace       used 29724K, capacity 30326K, committed 30464K, reserved 1077248K
  class space    used 3259K, capacity 3516K, committed 3584K, reserved 1048576K
}

